<?xml version="1.0" encoding="UTF-8"?>
<testng-results ignored="0" total="1" passed="1" failed="0" skipped="0">
  <reporter-output>
  </reporter-output>
  <suite started-at="2022-09-27T11:46:47 IST" name="AmazonTestSuite" finished-at="2022-09-27T11:46:55 IST" duration-ms="7624">
    <groups>
    </groups>
    <test started-at="2022-09-27T11:46:47 IST" name="Smoke Testsuite" finished-at="2022-09-27T11:46:55 IST" duration-ms="7624">
      <class name="UITestSuite">
        <test-method signature="navigateToAmazon()[pri:0, instance:UITestSuite@3e84448c]" started-at="2022-09-27T11:46:47 IST" name="navigateToAmazon" finished-at="2022-09-27T11:46:55 IST" duration-ms="7587" status="PASS">
          <reporter-output>
          </reporter-output>
        </test-method> <!-- navigateToAmazon -->
      </class> <!-- UITestSuite -->
    </test> <!-- Smoke Testsuite -->
  </suite> <!-- AmazonTestSuite -->
</testng-results>
